-------------------------------------------------------------------------------
Test set: com.tests.JustGivingTests
-------------------------------------------------------------------------------
Tests run: 2, Failures: 0, Errors: 2, Skipped: 0, Time elapsed: 91.494 sec <<< FAILURE! - in com.tests.JustGivingTests
testDonationWithInvalidCard(com.tests.JustGivingTests)  Time elapsed: 46.174 sec  <<< ERROR!
org.openqa.selenium.WebDriverException: 
Failed to connect to binary FirefoxBinary(/Applications/Firefox.app/Contents/MacOS/firefox-bin) on port 7055; process output follows: 
-a285-3208198ce6fd}","syncGUID":"acnJXRJ47a-e","location":"app-global","version":"48.0.2","type":"theme","internalName":"classic/1.0","updateURL":null,"updateKey":null,"optionsURL":null,"optionsType":null,"aboutURL":null,"icons":{"32":"icon.png","48":"icon.png"},"iconURL":null,"icon64URL":null,"defaultLocale":{"name":"Default","description":"The default theme.","creator":"Mozilla","homepageURL":null,"contributors":["Mozilla Contributors"]},"visible":true,"active":true,"userDisabled":false,"appDisabled":false,"descriptor":"/Applications/Firefox.app/Contents/Resources/browser/extensions/{972ce4c6-7e08-4474-a285-3208198ce6fd}.xpi","installDate":1473524524000,"updateDate":1473524524000,"applyBackgroundUpdates":1,"skinnable":true,"size":7140,"sourceURI":null,"releaseNotesURI":null,"softDisabled":false,"foreignInstall":false,"hasBinaryComponents":false,"strictCompatibility":true,"locales":[],"targetApplications":[{"id":"{ec8030f7-c20a-464f-9b0e-13a3a9e97384}","minVersion":"48.0.2","maxVersion":"48.0.2"}],"targetPlatforms":[],"seen":true}
1473525756039	addons.xpi	DEBUG	getModTime: Recursive scan of {972ce4c6-7e08-4474-a285-3208198ce6fd}
1473525756040	DeferredSave.extensions.json	DEBUG	Save changes
1473525756040	addons.xpi	DEBUG	Updating database with changes to installed add-ons
1473525756040	addons.xpi-utils	DEBUG	Updating add-on states
1473525756041	addons.xpi-utils	DEBUG	Writing add-ons list
1473525756044	addons.xpi	DEBUG	Registering manifest for /Applications/Firefox.app/Contents/Resources/browser/features/e10srollout@mozilla.org.xpi
1473525756045	addons.xpi	DEBUG	Calling bootstrap method startup on e10srollout@mozilla.org version 1.1
1473525756045	addons.xpi	DEBUG	Registering manifest for /Applications/Firefox.app/Contents/Resources/browser/features/firefox@getpocket.com.xpi
1473525756046	addons.xpi	DEBUG	Calling bootstrap method startup on firefox@getpocket.com version 1.0.4
1473525756047	addons.xpi	DEBUG	Registering manifest for /Applications/Firefox.app/Contents/Resources/browser/features/loop@mozilla.org.xpi
1473525756047	addons.xpi	DEBUG	Calling bootstrap method startup on loop@mozilla.org version 1.4.4
1473525756070	addons.manager	DEBUG	Registering shutdown blocker for XPIProvider
1473525756070	addons.manager	DEBUG	Provider finished startup: XPIProvider
1473525756070	addons.manager	DEBUG	Starting provider: LightweightThemeManager
1473525756070	addons.manager	DEBUG	Registering shutdown blocker for LightweightThemeManager
1473525756070	addons.manager	DEBUG	Provider finished startup: LightweightThemeManager
1473525756071	addons.manager	DEBUG	Starting provider: GMPProvider
1473525756079	addons.manager	DEBUG	Registering shutdown blocker for GMPProvider
1473525756080	addons.manager	DEBUG	Provider finished startup: GMPProvider
1473525756080	addons.manager	DEBUG	Starting provider: PluginProvider
1473525756080	addons.manager	DEBUG	Registering shutdown blocker for PluginProvider
1473525756080	addons.manager	DEBUG	Provider finished startup: PluginProvider
1473525756081	addons.manager	DEBUG	Completed startup sequence
1473525756756	DeferredSave.extensions.json	DEBUG	Starting write
1473525756766	addons.manager	DEBUG	Starting provider: <unnamed-provider>
1473525756766	addons.manager	DEBUG	Registering shutdown blocker for <unnamed-provider>
1473525756767	addons.manager	DEBUG	Provider finished startup: <unnamed-provider>
1473525756948	addons.repository	DEBUG	No addons.json found.
1473525756949	DeferredSave.addons.json	DEBUG	Save changes
1473525756952	DeferredSave.addons.json	DEBUG	Starting timer
1473525756993	addons.manager	DEBUG	Starting provider: PreviousExperimentProvider
1473525756993	addons.manager	DEBUG	Registering shutdown blocker for PreviousExperimentProvider
1473525756993	addons.manager	DEBUG	Provider finished startup: PreviousExperimentProvider
1473525756997	DeferredSave.extensions.json	DEBUG	Write succeeded
1473525756998	addons.xpi-utils	DEBUG	XPI Database saved, setting schema version preference to 17
1473525757005	DeferredSave.addons.json	DEBUG	Starting write
1473525757034	DeferredSave.addons.json	DEBUG	Write succeeded

Build info: version: '2.53.0', revision: '35ae25b1534ae328c771e0856c93e187490ca824', time: '2016-03-15 10:43:46'
System info: host: 'Kostass-Air', ip: '192.168.0.6', os.name: 'Mac OS X', os.arch: 'x86_64', os.version: '10.10.5', java.version: '1.8.0_60'
Driver info: driver.version: FirefoxDriver
	at com.tests.JustGivingTests.testDonationWithInvalidCard(JustGivingTests.java:34)
Caused by: org.openqa.selenium.firefox.NotConnectedException: 
Unable to connect to host 127.0.0.1 on port 7055 after 45000 ms. Firefox console output:
-a285-3208198ce6fd}","syncGUID":"acnJXRJ47a-e","location":"app-global","version":"48.0.2","type":"theme","internalName":"classic/1.0","updateURL":null,"updateKey":null,"optionsURL":null,"optionsType":null,"aboutURL":null,"icons":{"32":"icon.png","48":"icon.png"},"iconURL":null,"icon64URL":null,"defaultLocale":{"name":"Default","description":"The default theme.","creator":"Mozilla","homepageURL":null,"contributors":["Mozilla Contributors"]},"visible":true,"active":true,"userDisabled":false,"appDisabled":false,"descriptor":"/Applications/Firefox.app/Contents/Resources/browser/extensions/{972ce4c6-7e08-4474-a285-3208198ce6fd}.xpi","installDate":1473524524000,"updateDate":1473524524000,"applyBackgroundUpdates":1,"skinnable":true,"size":7140,"sourceURI":null,"releaseNotesURI":null,"softDisabled":false,"foreignInstall":false,"hasBinaryComponents":false,"strictCompatibility":true,"locales":[],"targetApplications":[{"id":"{ec8030f7-c20a-464f-9b0e-13a3a9e97384}","minVersion":"48.0.2","maxVersion":"48.0.2"}],"targetPlatforms":[],"seen":true}
1473525756039	addons.xpi	DEBUG	getModTime: Recursive scan of {972ce4c6-7e08-4474-a285-3208198ce6fd}
1473525756040	DeferredSave.extensions.json	DEBUG	Save changes
1473525756040	addons.xpi	DEBUG	Updating database with changes to installed add-ons
1473525756040	addons.xpi-utils	DEBUG	Updating add-on states
1473525756041	addons.xpi-utils	DEBUG	Writing add-ons list
1473525756044	addons.xpi	DEBUG	Registering manifest for /Applications/Firefox.app/Contents/Resources/browser/features/e10srollout@mozilla.org.xpi
1473525756045	addons.xpi	DEBUG	Calling bootstrap method startup on e10srollout@mozilla.org version 1.1
1473525756045	addons.xpi	DEBUG	Registering manifest for /Applications/Firefox.app/Contents/Resources/browser/features/firefox@getpocket.com.xpi
1473525756046	addons.xpi	DEBUG	Calling bootstrap method startup on firefox@getpocket.com version 1.0.4
1473525756047	addons.xpi	DEBUG	Registering manifest for /Applications/Firefox.app/Contents/Resources/browser/features/loop@mozilla.org.xpi
1473525756047	addons.xpi	DEBUG	Calling bootstrap method startup on loop@mozilla.org version 1.4.4
1473525756070	addons.manager	DEBUG	Registering shutdown blocker for XPIProvider
1473525756070	addons.manager	DEBUG	Provider finished startup: XPIProvider
1473525756070	addons.manager	DEBUG	Starting provider: LightweightThemeManager
1473525756070	addons.manager	DEBUG	Registering shutdown blocker for LightweightThemeManager
1473525756070	addons.manager	DEBUG	Provider finished startup: LightweightThemeManager
1473525756071	addons.manager	DEBUG	Starting provider: GMPProvider
1473525756079	addons.manager	DEBUG	Registering shutdown blocker for GMPProvider
1473525756080	addons.manager	DEBUG	Provider finished startup: GMPProvider
1473525756080	addons.manager	DEBUG	Starting provider: PluginProvider
1473525756080	addons.manager	DEBUG	Registering shutdown blocker for PluginProvider
1473525756080	addons.manager	DEBUG	Provider finished startup: PluginProvider
1473525756081	addons.manager	DEBUG	Completed startup sequence
1473525756756	DeferredSave.extensions.json	DEBUG	Starting write
1473525756766	addons.manager	DEBUG	Starting provider: <unnamed-provider>
1473525756766	addons.manager	DEBUG	Registering shutdown blocker for <unnamed-provider>
1473525756767	addons.manager	DEBUG	Provider finished startup: <unnamed-provider>
1473525756948	addons.repository	DEBUG	No addons.json found.
1473525756949	DeferredSave.addons.json	DEBUG	Save changes
1473525756952	DeferredSave.addons.json	DEBUG	Starting timer
1473525756993	addons.manager	DEBUG	Starting provider: PreviousExperimentProvider
1473525756993	addons.manager	DEBUG	Registering shutdown blocker for PreviousExperimentProvider
1473525756993	addons.manager	DEBUG	Provider finished startup: PreviousExperimentProvider
1473525756997	DeferredSave.extensions.json	DEBUG	Write succeeded
1473525756998	addons.xpi-utils	DEBUG	XPI Database saved, setting schema version preference to 17
1473525757005	DeferredSave.addons.json	DEBUG	Starting write
1473525757034	DeferredSave.addons.json	DEBUG	Write succeeded

	at com.tests.JustGivingTests.testDonationWithInvalidCard(JustGivingTests.java:34)

testDonationWithValidDetails(com.tests.JustGivingTests)  Time elapsed: 45.202 sec  <<< ERROR!
org.openqa.selenium.WebDriverException: 
Failed to connect to binary FirefoxBinary(/Applications/Firefox.app/Contents/MacOS/firefox-bin) on port 7055; process output follows: 
-a285-3208198ce6fd}","syncGUID":"EAo5Raa4R8Ta","location":"app-global","version":"48.0.2","type":"theme","internalName":"classic/1.0","updateURL":null,"updateKey":null,"optionsURL":null,"optionsType":null,"aboutURL":null,"icons":{"32":"icon.png","48":"icon.png"},"iconURL":null,"icon64URL":null,"defaultLocale":{"name":"Default","description":"The default theme.","creator":"Mozilla","homepageURL":null,"contributors":["Mozilla Contributors"]},"visible":true,"active":true,"userDisabled":false,"appDisabled":false,"descriptor":"/Applications/Firefox.app/Contents/Resources/browser/extensions/{972ce4c6-7e08-4474-a285-3208198ce6fd}.xpi","installDate":1473524524000,"updateDate":1473524524000,"applyBackgroundUpdates":1,"skinnable":true,"size":7140,"sourceURI":null,"releaseNotesURI":null,"softDisabled":false,"foreignInstall":false,"hasBinaryComponents":false,"strictCompatibility":true,"locales":[],"targetApplications":[{"id":"{ec8030f7-c20a-464f-9b0e-13a3a9e97384}","minVersion":"48.0.2","maxVersion":"48.0.2"}],"targetPlatforms":[],"seen":true}
1473525801217	addons.xpi	DEBUG	getModTime: Recursive scan of {972ce4c6-7e08-4474-a285-3208198ce6fd}
1473525801218	DeferredSave.extensions.json	DEBUG	Save changes
1473525801218	addons.xpi	DEBUG	Updating database with changes to installed add-ons
1473525801218	addons.xpi-utils	DEBUG	Updating add-on states
1473525801219	addons.xpi-utils	DEBUG	Writing add-ons list
1473525801220	addons.xpi	DEBUG	Registering manifest for /Applications/Firefox.app/Contents/Resources/browser/features/e10srollout@mozilla.org.xpi
1473525801220	addons.xpi	DEBUG	Calling bootstrap method startup on e10srollout@mozilla.org version 1.1
1473525801221	addons.xpi	DEBUG	Registering manifest for /Applications/Firefox.app/Contents/Resources/browser/features/firefox@getpocket.com.xpi
1473525801221	addons.xpi	DEBUG	Calling bootstrap method startup on firefox@getpocket.com version 1.0.4
1473525801222	addons.xpi	DEBUG	Registering manifest for /Applications/Firefox.app/Contents/Resources/browser/features/loop@mozilla.org.xpi
1473525801223	addons.xpi	DEBUG	Calling bootstrap method startup on loop@mozilla.org version 1.4.4
1473525801248	addons.manager	DEBUG	Registering shutdown blocker for XPIProvider
1473525801248	addons.manager	DEBUG	Provider finished startup: XPIProvider
1473525801249	addons.manager	DEBUG	Starting provider: LightweightThemeManager
1473525801249	addons.manager	DEBUG	Registering shutdown blocker for LightweightThemeManager
1473525801249	addons.manager	DEBUG	Provider finished startup: LightweightThemeManager
1473525801250	addons.manager	DEBUG	Starting provider: GMPProvider
1473525801256	addons.manager	DEBUG	Registering shutdown blocker for GMPProvider
1473525801256	addons.manager	DEBUG	Provider finished startup: GMPProvider
1473525801256	addons.manager	DEBUG	Starting provider: PluginProvider
1473525801257	addons.manager	DEBUG	Registering shutdown blocker for PluginProvider
1473525801257	addons.manager	DEBUG	Provider finished startup: PluginProvider
1473525801257	addons.manager	DEBUG	Completed startup sequence
1473525801597	addons.manager	DEBUG	Starting provider: <unnamed-provider>
1473525801597	addons.manager	DEBUG	Registering shutdown blocker for <unnamed-provider>
1473525801597	addons.manager	DEBUG	Provider finished startup: <unnamed-provider>
1473525801603	DeferredSave.extensions.json	DEBUG	Starting write
1473525801742	addons.repository	DEBUG	No addons.json found.
1473525801743	DeferredSave.addons.json	DEBUG	Save changes
1473525801749	DeferredSave.addons.json	DEBUG	Starting timer
1473525801774	addons.manager	DEBUG	Starting provider: PreviousExperimentProvider
1473525801774	addons.manager	DEBUG	Registering shutdown blocker for PreviousExperimentProvider
1473525801774	addons.manager	DEBUG	Provider finished startup: PreviousExperimentProvider
1473525801776	DeferredSave.extensions.json	DEBUG	Write succeeded
1473525801777	addons.xpi-utils	DEBUG	XPI Database saved, setting schema version preference to 17
1473525801804	DeferredSave.addons.json	DEBUG	Starting write
1473525801829	DeferredSave.addons.json	DEBUG	Write succeeded

Build info: version: '2.53.0', revision: '35ae25b1534ae328c771e0856c93e187490ca824', time: '2016-03-15 10:43:46'
System info: host: 'Kostass-Air', ip: '192.168.0.6', os.name: 'Mac OS X', os.arch: 'x86_64', os.version: '10.10.5', java.version: '1.8.0_60'
Driver info: driver.version: FirefoxDriver
	at com.tests.JustGivingTests.testDonationWithValidDetails(JustGivingTests.java:18)
Caused by: org.openqa.selenium.firefox.NotConnectedException: 
Unable to connect to host 127.0.0.1 on port 7055 after 45000 ms. Firefox console output:
-a285-3208198ce6fd}","syncGUID":"EAo5Raa4R8Ta","location":"app-global","version":"48.0.2","type":"theme","internalName":"classic/1.0","updateURL":null,"updateKey":null,"optionsURL":null,"optionsType":null,"aboutURL":null,"icons":{"32":"icon.png","48":"icon.png"},"iconURL":null,"icon64URL":null,"defaultLocale":{"name":"Default","description":"The default theme.","creator":"Mozilla","homepageURL":null,"contributors":["Mozilla Contributors"]},"visible":true,"active":true,"userDisabled":false,"appDisabled":false,"descriptor":"/Applications/Firefox.app/Contents/Resources/browser/extensions/{972ce4c6-7e08-4474-a285-3208198ce6fd}.xpi","installDate":1473524524000,"updateDate":1473524524000,"applyBackgroundUpdates":1,"skinnable":true,"size":7140,"sourceURI":null,"releaseNotesURI":null,"softDisabled":false,"foreignInstall":false,"hasBinaryComponents":false,"strictCompatibility":true,"locales":[],"targetApplications":[{"id":"{ec8030f7-c20a-464f-9b0e-13a3a9e97384}","minVersion":"48.0.2","maxVersion":"48.0.2"}],"targetPlatforms":[],"seen":true}
1473525801217	addons.xpi	DEBUG	getModTime: Recursive scan of {972ce4c6-7e08-4474-a285-3208198ce6fd}
1473525801218	DeferredSave.extensions.json	DEBUG	Save changes
1473525801218	addons.xpi	DEBUG	Updating database with changes to installed add-ons
1473525801218	addons.xpi-utils	DEBUG	Updating add-on states
1473525801219	addons.xpi-utils	DEBUG	Writing add-ons list
1473525801220	addons.xpi	DEBUG	Registering manifest for /Applications/Firefox.app/Contents/Resources/browser/features/e10srollout@mozilla.org.xpi
1473525801220	addons.xpi	DEBUG	Calling bootstrap method startup on e10srollout@mozilla.org version 1.1
1473525801221	addons.xpi	DEBUG	Registering manifest for /Applications/Firefox.app/Contents/Resources/browser/features/firefox@getpocket.com.xpi
1473525801221	addons.xpi	DEBUG	Calling bootstrap method startup on firefox@getpocket.com version 1.0.4
1473525801222	addons.xpi	DEBUG	Registering manifest for /Applications/Firefox.app/Contents/Resources/browser/features/loop@mozilla.org.xpi
1473525801223	addons.xpi	DEBUG	Calling bootstrap method startup on loop@mozilla.org version 1.4.4
1473525801248	addons.manager	DEBUG	Registering shutdown blocker for XPIProvider
1473525801248	addons.manager	DEBUG	Provider finished startup: XPIProvider
1473525801249	addons.manager	DEBUG	Starting provider: LightweightThemeManager
1473525801249	addons.manager	DEBUG	Registering shutdown blocker for LightweightThemeManager
1473525801249	addons.manager	DEBUG	Provider finished startup: LightweightThemeManager
1473525801250	addons.manager	DEBUG	Starting provider: GMPProvider
1473525801256	addons.manager	DEBUG	Registering shutdown blocker for GMPProvider
1473525801256	addons.manager	DEBUG	Provider finished startup: GMPProvider
1473525801256	addons.manager	DEBUG	Starting provider: PluginProvider
1473525801257	addons.manager	DEBUG	Registering shutdown blocker for PluginProvider
1473525801257	addons.manager	DEBUG	Provider finished startup: PluginProvider
1473525801257	addons.manager	DEBUG	Completed startup sequence
1473525801597	addons.manager	DEBUG	Starting provider: <unnamed-provider>
1473525801597	addons.manager	DEBUG	Registering shutdown blocker for <unnamed-provider>
1473525801597	addons.manager	DEBUG	Provider finished startup: <unnamed-provider>
1473525801603	DeferredSave.extensions.json	DEBUG	Starting write
1473525801742	addons.repository	DEBUG	No addons.json found.
1473525801743	DeferredSave.addons.json	DEBUG	Save changes
1473525801749	DeferredSave.addons.json	DEBUG	Starting timer
1473525801774	addons.manager	DEBUG	Starting provider: PreviousExperimentProvider
1473525801774	addons.manager	DEBUG	Registering shutdown blocker for PreviousExperimentProvider
1473525801774	addons.manager	DEBUG	Provider finished startup: PreviousExperimentProvider
1473525801776	DeferredSave.extensions.json	DEBUG	Write succeeded
1473525801777	addons.xpi-utils	DEBUG	XPI Database saved, setting schema version preference to 17
1473525801804	DeferredSave.addons.json	DEBUG	Starting write
1473525801829	DeferredSave.addons.json	DEBUG	Write succeeded

	at com.tests.JustGivingTests.testDonationWithValidDetails(JustGivingTests.java:18)

