<?xml version="1.0" encoding="UTF-8"?>
<testsuite xmlns:xsi="http://www.w3.org/2001/XMLSchema-instance" xsi:schemaLocation="https://maven.apache.org/surefire/maven-surefire-plugin/xsd/surefire-test-report.xsd" name="com.tests.JustGivingTests" time="91.494" tests="2" errors="2" skipped="0" failures="0">
  <properties>
[...]
</properties>
  <testcase name="testDonationWithInvalidCard" classname="com.tests.JustGivingTests" time="46.174">
    <error message="Failed to connect to binary FirefoxBinary(/Applications/Firefox.app/Contents/MacOS/firefox-bin) on port 7055; process output follows: &#10;-a285-3208198ce6fd}&quot;,&quot;syncGUID&quot;:&quot;acnJXRJ47a-e&quot;,&quot;location&quot;:&quot;app-global&quot;,&quot;version&quot;:&quot;48.0.2&quot;,&quot;type&quot;:&quot;theme&quot;,&quot;internalName&quot;:&quot;classic/1.0&quot;,&quot;updateURL&quot;:null,&quot;updateKey&quot;:null,&quot;optionsURL&quot;:null,&quot;optionsType&quot;:null,&quot;aboutURL&quot;:null,&quot;icons&quot;:{&quot;32&quot;:&quot;icon.png&quot;,&quot;48&quot;:&quot;icon.png&quot;},&quot;iconURL&quot;:null,&quot;icon64URL&quot;:null,&quot;defaultLocale&quot;:{&quot;name&quot;:&quot;Default&quot;,&quot;description&quot;:&quot;The default theme.&quot;,&quot;creator&quot;:&quot;Mozilla&quot;,&quot;homepageURL&quot;:null,&quot;contributors&quot;:[&quot;Mozilla Contributors&quot;]},&quot;visible&quot;:true,&quot;active&quot;:true,&quot;userDisabled&quot;:false,&quot;appDisabled&quot;:false,&quot;descriptor&quot;:&quot;/Applications/Firefox.app/Contents/Resources/browser/extensions/{972ce4c6-7e08-4474-a285-3208198ce6fd}.xpi&quot;,&quot;installDate&quot;:1473524524000,&quot;updateDate&quot;:1473524524000,&quot;applyBackgroundUpdates&quot;:1,&quot;skinnable&quot;:true,&quot;size&quot;:7140,&quot;sourceURI&quot;:null,&quot;releaseNotesURI&quot;:null,&quot;softDisabled&quot;:false,&quot;foreignInstall&quot;:false,&quot;hasBinaryComponents&quot;:false,&quot;strictCompatibility&quot;:true,&quot;locales&quot;:[],&quot;targetApplications&quot;:[{&quot;id&quot;:&quot;{ec8030f7-c20a-464f-9b0e-13a3a9e97384}&quot;,&quot;minVersion&quot;:&quot;48.0.2&quot;,&quot;maxVersion&quot;:&quot;48.0.2&quot;}],&quot;targetPlatforms&quot;:[],&quot;seen&quot;:true}&#10;1473525756039	addons.xpi	DEBUG	getModTime: Recursive scan of {972ce4c6-7e08-4474-a285-3208198ce6fd}&#10;1473525756040	DeferredSave.extensions.json	DEBUG	Save changes&#10;1473525756040	addons.xpi	DEBUG	Updating database with changes to installed add-ons&#10;1473525756040	addons.xpi-utils	DEBUG	Updating add-on states&#10;1473525756041	addons.xpi-utils	DEBUG	Writing add-ons list&#10;1473525756044	addons.xpi	DEBUG	Registering manifest for /Applications/Firefox.app/Contents/Resources/browser/features/e10srollout@mozilla.org.xpi&#10;1473525756045	addons.xpi	DEBUG	Calling bootstrap method startup on e10srollout@mozilla.org version 1.1&#10;1473525756045	addons.xpi	DEBUG	Registering manifest for /Applications/Firefox.app/Contents/Resources/browser/features/firefox@getpocket.com.xpi&#10;1473525756046	addons.xpi	DEBUG	Calling bootstrap method startup on firefox@getpocket.com version 1.0.4&#10;1473525756047	addons.xpi	DEBUG	Registering manifest for /Applications/Firefox.app/Contents/Resources/browser/features/loop@mozilla.org.xpi&#10;1473525756047	addons.xpi	DEBUG	Calling bootstrap method startup on loop@mozilla.org version 1.4.4&#10;1473525756070	addons.manager	DEBUG	Registering shutdown blocker for XPIProvider&#10;1473525756070	addons.manager	DEBUG	Provider finished startup: XPIProvider&#10;1473525756070	addons.manager	DEBUG	Starting provider: LightweightThemeManager&#10;1473525756070	addons.manager	DEBUG	Registering shutdown blocker for LightweightThemeManager&#10;1473525756070	addons.manager	DEBUG	Provider finished startup: LightweightThemeManager&#10;1473525756071	addons.manager	DEBUG	Starting provider: GMPProvider&#10;1473525756079	addons.manager	DEBUG	Registering shutdown blocker for GMPProvider&#10;1473525756080	addons.manager	DEBUG	Provider finished startup: GMPProvider&#10;1473525756080	addons.manager	DEBUG	Starting provider: PluginProvider&#10;1473525756080	addons.manager	DEBUG	Registering shutdown blocker for PluginProvider&#10;1473525756080	addons.manager	DEBUG	Provider finished startup: PluginProvider&#10;1473525756081	addons.manager	DEBUG	Completed startup sequence&#10;1473525756756	DeferredSave.extensions.json	DEBUG	Starting write&#10;1473525756766	addons.manager	DEBUG	Starting provider: &lt;unnamed-provider&gt;&#10;1473525756766	addons.manager	DEBUG	Registering shutdown blocker for &lt;unnamed-provider&gt;&#10;1473525756767	addons.manager	DEBUG	Provider finished startup: &lt;unnamed-provider&gt;&#10;1473525756948	addons.repository	DEBUG	No addons.json found.&#10;1473525756949	DeferredSave.addons.json	DEBUG	Save changes&#10;1473525756952	DeferredSave.addons.json	DEBUG	Starting timer&#10;1473525756993	addons.manager	DEBUG	Starting provider: PreviousExperimentProvider&#10;1473525756993	addons.manager	DEBUG	Registering shutdown blocker for PreviousExperimentProvider&#10;1473525756993	addons.manager	DEBUG	Provider finished startup: PreviousExperimentProvider&#10;1473525756997	DeferredSave.extensions.json	DEBUG	Write succeeded&#10;1473525756998	addons.xpi-utils	DEBUG	XPI Database saved, setting schema version preference to 17&#10;1473525757005	DeferredSave.addons.json	DEBUG	Starting write&#10;1473525757034	DeferredSave.addons.json	DEBUG	Write succeeded&#10;&#10;Build info: version: &apos;2.53.0&apos;, revision: &apos;35ae25b1534ae328c771e0856c93e187490ca824&apos;, time: &apos;2016-03-15 10:43:46&apos;&#10;System info: host: &apos;Kostass-Air&apos;, ip: &apos;192.168.0.6&apos;, os.name: &apos;Mac OS X&apos;, os.arch: &apos;x86_64&apos;, os.version: &apos;10.10.5&apos;, java.version: &apos;1.8.0_60&apos;&#10;Driver info: driver.version: FirefoxDriver" type="org.openqa.selenium.WebDriverException"><![CDATA[org.openqa.selenium.WebDriverException: 
Failed to connect to binary FirefoxBinary(/Applications/Firefox.app/Contents/MacOS/firefox-bin) on port 7055; process output follows: 
-a285-3208198ce6fd}","syncGUID":"acnJXRJ47a-e","location":"app-global","version":"48.0.2","type":"theme","internalName":"classic/1.0","updateURL":null,"updateKey":null,"optionsURL":null,"optionsType":null,"aboutURL":null,"icons":{"32":"icon.png","48":"icon.png"},"iconURL":null,"icon64URL":null,"defaultLocale":{"name":"Default","description":"The default theme.","creator":"Mozilla","homepageURL":null,"contributors":["Mozilla Contributors"]},"visible":true,"active":true,"userDisabled":false,"appDisabled":false,"descriptor":"/Applications/Firefox.app/Contents/Resources/browser/extensions/{972ce4c6-7e08-4474-a285-3208198ce6fd}.xpi","installDate":1473524524000,"updateDate":1473524524000,"applyBackgroundUpdates":1,"skinnable":true,"size":7140,"sourceURI":null,"releaseNotesURI":null,"softDisabled":false,"foreignInstall":false,"hasBinaryComponents":false,"strictCompatibility":true,"locales":[],"targetApplications":[{"id":"{ec8030f7-c20a-464f-9b0e-13a3a9e97384}","minVersion":"48.0.2","maxVersion":"48.0.2"}],"targetPlatforms":[],"seen":true}
1473525756039	addons.xpi	DEBUG	getModTime: Recursive scan of {972ce4c6-7e08-4474-a285-3208198ce6fd}
1473525756040	DeferredSave.extensions.json	DEBUG	Save changes
1473525756040	addons.xpi	DEBUG	Updating database with changes to installed add-ons
1473525756040	addons.xpi-utils	DEBUG	Updating add-on states
1473525756041	addons.xpi-utils	DEBUG	Writing add-ons list
1473525756044	addons.xpi	DEBUG	Registering manifest for /Applications/Firefox.app/Contents/Resources/browser/features/e10srollout@mozilla.org.xpi
1473525756045	addons.xpi	DEBUG	Calling bootstrap method startup on e10srollout@mozilla.org version 1.1
1473525756045	addons.xpi	DEBUG	Registering manifest for /Applications/Firefox.app/Contents/Resources/browser/features/firefox@getpocket.com.xpi
1473525756046	addons.xpi	DEBUG	Calling bootstrap method startup on firefox@getpocket.com version 1.0.4
1473525756047	addons.xpi	DEBUG	Registering manifest for /Applications/Firefox.app/Contents/Resources/browser/features/loop@mozilla.org.xpi
1473525756047	addons.xpi	DEBUG	Calling bootstrap method startup on loop@mozilla.org version 1.4.4
1473525756070	addons.manager	DEBUG	Registering shutdown blocker for XPIProvider
1473525756070	addons.manager	DEBUG	Provider finished startup: XPIProvider
1473525756070	addons.manager	DEBUG	Starting provider: LightweightThemeManager
1473525756070	addons.manager	DEBUG	Registering shutdown blocker for LightweightThemeManager
1473525756070	addons.manager	DEBUG	Provider finished startup: LightweightThemeManager
1473525756071	addons.manager	DEBUG	Starting provider: GMPProvider
1473525756079	addons.manager	DEBUG	Registering shutdown blocker for GMPProvider
1473525756080	addons.manager	DEBUG	Provider finished startup: GMPProvider
1473525756080	addons.manager	DEBUG	Starting provider: PluginProvider
1473525756080	addons.manager	DEBUG	Registering shutdown blocker for PluginProvider
1473525756080	addons.manager	DEBUG	Provider finished startup: PluginProvider
1473525756081	addons.manager	DEBUG	Completed startup sequence
1473525756756	DeferredSave.extensions.json	DEBUG	Starting write
1473525756766	addons.manager	DEBUG	Starting provider: <unnamed-provider>
1473525756766	addons.manager	DEBUG	Registering shutdown blocker for <unnamed-provider>
1473525756767	addons.manager	DEBUG	Provider finished startup: <unnamed-provider>
1473525756948	addons.repository	DEBUG	No addons.json found.
1473525756949	DeferredSave.addons.json	DEBUG	Save changes
1473525756952	DeferredSave.addons.json	DEBUG	Starting timer
1473525756993	addons.manager	DEBUG	Starting provider: PreviousExperimentProvider
1473525756993	addons.manager	DEBUG	Registering shutdown blocker for PreviousExperimentProvider
1473525756993	addons.manager	DEBUG	Provider finished startup: PreviousExperimentProvider
1473525756997	DeferredSave.extensions.json	DEBUG	Write succeeded
1473525756998	addons.xpi-utils	DEBUG	XPI Database saved, setting schema version preference to 17
1473525757005	DeferredSave.addons.json	DEBUG	Starting write
1473525757034	DeferredSave.addons.json	DEBUG	Write succeeded

Build info: version: '2.53.0', revision: '35ae25b1534ae328c771e0856c93e187490ca824', time: '2016-03-15 10:43:46'
System info: host: 'Kostass-Air', ip: '192.168.0.6', os.name: 'Mac OS X', os.arch: 'x86_64', os.version: '10.10.5', java.version: '1.8.0_60'
Driver info: driver.version: FirefoxDriver
	at com.tests.JustGivingTests.testDonationWithInvalidCard(JustGivingTests.java:34)
Caused by: org.openqa.selenium.firefox.NotConnectedException: 
Unable to connect to host 127.0.0.1 on port 7055 after 45000 ms. Firefox console output:
-a285-3208198ce6fd}","syncGUID":"acnJXRJ47a-e","location":"app-global","version":"48.0.2","type":"theme","internalName":"classic/1.0","updateURL":null,"updateKey":null,"optionsURL":null,"optionsType":null,"aboutURL":null,"icons":{"32":"icon.png","48":"icon.png"},"iconURL":null,"icon64URL":null,"defaultLocale":{"name":"Default","description":"The default theme.","creator":"Mozilla","homepageURL":null,"contributors":["Mozilla Contributors"]},"visible":true,"active":true,"userDisabled":false,"appDisabled":false,"descriptor":"/Applications/Firefox.app/Contents/Resources/browser/extensions/{972ce4c6-7e08-4474-a285-3208198ce6fd}.xpi","installDate":1473524524000,"updateDate":1473524524000,"applyBackgroundUpdates":1,"skinnable":true,"size":7140,"sourceURI":null,"releaseNotesURI":null,"softDisabled":false,"foreignInstall":false,"hasBinaryComponents":false,"strictCompatibility":true,"locales":[],"targetApplications":[{"id":"{ec8030f7-c20a-464f-9b0e-13a3a9e97384}","minVersion":"48.0.2","maxVersion":"48.0.2"}],"targetPlatforms":[],"seen":true}
1473525756039	addons.xpi	DEBUG	getModTime: Recursive scan of {972ce4c6-7e08-4474-a285-3208198ce6fd}
1473525756040	DeferredSave.extensions.json	DEBUG	Save changes
1473525756040	addons.xpi	DEBUG	Updating database with changes to installed add-ons
1473525756040	addons.xpi-utils	DEBUG	Updating add-on states
1473525756041	addons.xpi-utils	DEBUG	Writing add-ons list
1473525756044	addons.xpi	DEBUG	Registering manifest for /Applications/Firefox.app/Contents/Resources/browser/features/e10srollout@mozilla.org.xpi
1473525756045	addons.xpi	DEBUG	Calling bootstrap method startup on e10srollout@mozilla.org version 1.1
1473525756045	addons.xpi	DEBUG	Registering manifest for /Applications/Firefox.app/Contents/Resources/browser/features/firefox@getpocket.com.xpi
1473525756046	addons.xpi	DEBUG	Calling bootstrap method startup on firefox@getpocket.com version 1.0.4
1473525756047	addons.xpi	DEBUG	Registering manifest for /Applications/Firefox.app/Contents/Resources/browser/features/loop@mozilla.org.xpi
1473525756047	addons.xpi	DEBUG	Calling bootstrap method startup on loop@mozilla.org version 1.4.4
1473525756070	addons.manager	DEBUG	Registering shutdown blocker for XPIProvider
1473525756070	addons.manager	DEBUG	Provider finished startup: XPIProvider
1473525756070	addons.manager	DEBUG	Starting provider: LightweightThemeManager
1473525756070	addons.manager	DEBUG	Registering shutdown blocker for LightweightThemeManager
1473525756070	addons.manager	DEBUG	Provider finished startup: LightweightThemeManager
1473525756071	addons.manager	DEBUG	Starting provider: GMPProvider
1473525756079	addons.manager	DEBUG	Registering shutdown blocker for GMPProvider
1473525756080	addons.manager	DEBUG	Provider finished startup: GMPProvider
1473525756080	addons.manager	DEBUG	Starting provider: PluginProvider
1473525756080	addons.manager	DEBUG	Registering shutdown blocker for PluginProvider
1473525756080	addons.manager	DEBUG	Provider finished startup: PluginProvider
1473525756081	addons.manager	DEBUG	Completed startup sequence
1473525756756	DeferredSave.extensions.json	DEBUG	Starting write
1473525756766	addons.manager	DEBUG	Starting provider: <unnamed-provider>
1473525756766	addons.manager	DEBUG	Registering shutdown blocker for <unnamed-provider>
1473525756767	addons.manager	DEBUG	Provider finished startup: <unnamed-provider>
1473525756948	addons.repository	DEBUG	No addons.json found.
1473525756949	DeferredSave.addons.json	DEBUG	Save changes
1473525756952	DeferredSave.addons.json	DEBUG	Starting timer
1473525756993	addons.manager	DEBUG	Starting provider: PreviousExperimentProvider
1473525756993	addons.manager	DEBUG	Registering shutdown blocker for PreviousExperimentProvider
1473525756993	addons.manager	DEBUG	Provider finished startup: PreviousExperimentProvider
1473525756997	DeferredSave.extensions.json	DEBUG	Write succeeded
1473525756998	addons.xpi-utils	DEBUG	XPI Database saved, setting schema version preference to 17
1473525757005	DeferredSave.addons.json	DEBUG	Starting write
1473525757034	DeferredSave.addons.json	DEBUG	Write succeeded

	at com.tests.JustGivingTests.testDonationWithInvalidCard(JustGivingTests.java:34)
]]></error>
    <system-out><![CDATA[browser name is: firefox
]]></system-out>
    <system-err><![CDATA[org.openqa.selenium.firefox.NotConnectedException: Unable to connect to host 127.0.0.1 on port 7055 after 45000 ms. Firefox console output:
-a285-3208198ce6fd}","syncGUID":"acnJXRJ47a-e","location":"app-global","version":"48.0.2","type":"theme","internalName":"classic/1.0","updateURL":null,"updateKey":null,"optionsURL":null,"optionsType":null,"aboutURL":null,"icons":{"32":"icon.png","48":"icon.png"},"iconURL":null,"icon64URL":null,"defaultLocale":{"name":"Default","description":"The default theme.","creator":"Mozilla","homepageURL":null,"contributors":["Mozilla Contributors"]},"visible":true,"active":true,"userDisabled":false,"appDisabled":false,"descriptor":"/Applications/Firefox.app/Contents/Resources/browser/extensions/{972ce4c6-7e08-4474-a285-3208198ce6fd}.xpi","installDate":1473524524000,"updateDate":1473524524000,"applyBackgroundUpdates":1,"skinnable":true,"size":7140,"sourceURI":null,"releaseNotesURI":null,"softDisabled":false,"foreignInstall":false,"hasBinaryComponents":false,"strictCompatibility":true,"locales":[],"targetApplications":[{"id":"{ec8030f7-c20a-464f-9b0e-13a3a9e97384}","minVersion":"48.0.2","maxVersion":"48.0.2"}],"targetPlatforms":[],"seen":true}
1473525756039	addons.xpi	DEBUG	getModTime: Recursive scan of {972ce4c6-7e08-4474-a285-3208198ce6fd}
1473525756040	DeferredSave.extensions.json	DEBUG	Save changes
1473525756040	addons.xpi	DEBUG	Updating database with changes to installed add-ons
1473525756040	addons.xpi-utils	DEBUG	Updating add-on states
1473525756041	addons.xpi-utils	DEBUG	Writing add-ons list
1473525756044	addons.xpi	DEBUG	Registering manifest for /Applications/Firefox.app/Contents/Resources/browser/features/e10srollout@mozilla.org.xpi
1473525756045	addons.xpi	DEBUG	Calling bootstrap method startup on e10srollout@mozilla.org version 1.1
1473525756045	addons.xpi	DEBUG	Registering manifest for /Applications/Firefox.app/Contents/Resources/browser/features/firefox@getpocket.com.xpi
1473525756046	addons.xpi	DEBUG	Calling bootstrap method startup on firefox@getpocket.com version 1.0.4
1473525756047	addons.xpi	DEBUG	Registering manifest for /Applications/Firefox.app/Contents/Resources/browser/features/loop@mozilla.org.xpi
1473525756047	addons.xpi	DEBUG	Calling bootstrap method startup on loop@mozilla.org version 1.4.4
1473525756070	addons.manager	DEBUG	Registering shutdown blocker for XPIProvider
1473525756070	addons.manager	DEBUG	Provider finished startup: XPIProvider
1473525756070	addons.manager	DEBUG	Starting provider: LightweightThemeManager
1473525756070	addons.manager	DEBUG	Registering shutdown blocker for LightweightThemeManager
1473525756070	addons.manager	DEBUG	Provider finished startup: LightweightThemeManager
1473525756071	addons.manager	DEBUG	Starting provider: GMPProvider
1473525756079	addons.manager	DEBUG	Registering shutdown blocker for GMPProvider
1473525756080	addons.manager	DEBUG	Provider finished startup: GMPProvider
1473525756080	addons.manager	DEBUG	Starting provider: PluginProvider
1473525756080	addons.manager	DEBUG	Registering shutdown blocker for PluginProvider
1473525756080	addons.manager	DEBUG	Provider finished startup: PluginProvider
1473525756081	addons.manager	DEBUG	Completed startup sequence
1473525756756	DeferredSave.extensions.json	DEBUG	Starting write
1473525756766	addons.manager	DEBUG	Starting provider: <unnamed-provider>
1473525756766	addons.manager	DEBUG	Registering shutdown blocker for <unnamed-provider>
1473525756767	addons.manager	DEBUG	Provider finished startup: <unnamed-provider>
1473525756948	addons.repository	DEBUG	No addons.json found.
1473525756949	DeferredSave.addons.json	DEBUG	Save changes
1473525756952	DeferredSave.addons.json	DEBUG	Starting timer
1473525756993	addons.manager	DEBUG	Starting provider: PreviousExperimentProvider
1473525756993	addons.manager	DEBUG	Registering shutdown blocker for PreviousExperimentProvider
1473525756993	addons.manager	DEBUG	Provider finished startup: PreviousExperimentProvider
1473525756997	DeferredSave.extensions.json	DEBUG	Write succeeded
1473525756998	addons.xpi-utils	DEBUG	XPI Database saved, setting schema version preference to 17
1473525757005	DeferredSave.addons.json	DEBUG	Starting write
1473525757034	DeferredSave.addons.json	DEBUG	Write succeeded

	at org.openqa.selenium.firefox.internal.NewProfileExtensionConnection.start(NewProfileExtensionConnection.java:113)
	at org.openqa.selenium.firefox.FirefoxDriver.startClient(FirefoxDriver.java:271)
	at org.openqa.selenium.remote.RemoteWebDriver.<init>(RemoteWebDriver.java:119)
	at org.openqa.selenium.firefox.FirefoxDriver.<init>(FirefoxDriver.java:216)
	at org.openqa.selenium.firefox.FirefoxDriver.<init>(FirefoxDriver.java:211)
	at org.openqa.selenium.firefox.FirefoxDriver.<init>(FirefoxDriver.java:207)
	at org.openqa.selenium.firefox.FirefoxDriver.<init>(FirefoxDriver.java:120)
	at myproject.myproject.WebDriverInit.getWebdriver(WebDriverInit.java:20)
	at com.tests.JustGivingTests.testDonationWithInvalidCard(JustGivingTests.java:34)
	at sun.reflect.NativeMethodAccessorImpl.invoke0(Native Method)
	at sun.reflect.NativeMethodAccessorImpl.invoke(NativeMethodAccessorImpl.java:62)
	at sun.reflect.DelegatingMethodAccessorImpl.invoke(DelegatingMethodAccessorImpl.java:43)
	at java.lang.reflect.Method.invoke(Method.java:497)
	at org.junit.runners.model.FrameworkMethod$1.runReflectiveCall(FrameworkMethod.java:47)
	at org.junit.internal.runners.model.ReflectiveCallable.run(ReflectiveCallable.java:12)
	at org.junit.runners.model.FrameworkMethod.invokeExplosively(FrameworkMethod.java:44)
	at org.junit.internal.runners.statements.InvokeMethod.evaluate(InvokeMethod.java:17)
	at org.junit.internal.runners.statements.RunAfters.evaluate(RunAfters.java:27)
	at org.junit.runners.ParentRunner.runLeaf(ParentRunner.java:271)
	at org.junit.runners.BlockJUnit4ClassRunner.runChild(BlockJUnit4ClassRunner.java:70)
	at org.junit.runners.BlockJUnit4ClassRunner.runChild(BlockJUnit4ClassRunner.java:50)
	at org.junit.runners.ParentRunner$3.run(ParentRunner.java:238)
	at org.junit.runners.ParentRunner$1.schedule(ParentRunner.java:63)
	at org.junit.runners.ParentRunner.runChildren(ParentRunner.java:236)
	at org.junit.runners.ParentRunner.access$000(ParentRunner.java:53)
	at org.junit.runners.ParentRunner$2.evaluate(ParentRunner.java:229)
	at org.junit.runners.ParentRunner.run(ParentRunner.java:309)
	at org.apache.maven.surefire.junit4.JUnit4Provider.execute(JUnit4Provider.java:367)
	at org.apache.maven.surefire.junit4.JUnit4Provider.executeWithRerun(JUnit4Provider.java:274)
	at org.apache.maven.surefire.junit4.JUnit4Provider.executeTestSet(JUnit4Provider.java:238)
	at org.apache.maven.surefire.junit4.JUnit4Provider.invoke(JUnit4Provider.java:161)
	at org.apache.maven.surefire.booter.ForkedBooter.invokeProviderInSameClassLoader(ForkedBooter.java:290)
	at org.apache.maven.surefire.booter.ForkedBooter.runSuitesInProcess(ForkedBooter.java:242)
	at org.apache.maven.surefire.booter.ForkedBooter.main(ForkedBooter.java:121)
]]></system-err>
  </testcase>
  <testcase name="testDonationWithValidDetails" classname="com.tests.JustGivingTests" time="45.202">
    <error message="Failed to connect to binary FirefoxBinary(/Applications/Firefox.app/Contents/MacOS/firefox-bin) on port 7055; process output follows: &#10;-a285-3208198ce6fd}&quot;,&quot;syncGUID&quot;:&quot;EAo5Raa4R8Ta&quot;,&quot;location&quot;:&quot;app-global&quot;,&quot;version&quot;:&quot;48.0.2&quot;,&quot;type&quot;:&quot;theme&quot;,&quot;internalName&quot;:&quot;classic/1.0&quot;,&quot;updateURL&quot;:null,&quot;updateKey&quot;:null,&quot;optionsURL&quot;:null,&quot;optionsType&quot;:null,&quot;aboutURL&quot;:null,&quot;icons&quot;:{&quot;32&quot;:&quot;icon.png&quot;,&quot;48&quot;:&quot;icon.png&quot;},&quot;iconURL&quot;:null,&quot;icon64URL&quot;:null,&quot;defaultLocale&quot;:{&quot;name&quot;:&quot;Default&quot;,&quot;description&quot;:&quot;The default theme.&quot;,&quot;creator&quot;:&quot;Mozilla&quot;,&quot;homepageURL&quot;:null,&quot;contributors&quot;:[&quot;Mozilla Contributors&quot;]},&quot;visible&quot;:true,&quot;active&quot;:true,&quot;userDisabled&quot;:false,&quot;appDisabled&quot;:false,&quot;descriptor&quot;:&quot;/Applications/Firefox.app/Contents/Resources/browser/extensions/{972ce4c6-7e08-4474-a285-3208198ce6fd}.xpi&quot;,&quot;installDate&quot;:1473524524000,&quot;updateDate&quot;:1473524524000,&quot;applyBackgroundUpdates&quot;:1,&quot;skinnable&quot;:true,&quot;size&quot;:7140,&quot;sourceURI&quot;:null,&quot;releaseNotesURI&quot;:null,&quot;softDisabled&quot;:false,&quot;foreignInstall&quot;:false,&quot;hasBinaryComponents&quot;:false,&quot;strictCompatibility&quot;:true,&quot;locales&quot;:[],&quot;targetApplications&quot;:[{&quot;id&quot;:&quot;{ec8030f7-c20a-464f-9b0e-13a3a9e97384}&quot;,&quot;minVersion&quot;:&quot;48.0.2&quot;,&quot;maxVersion&quot;:&quot;48.0.2&quot;}],&quot;targetPlatforms&quot;:[],&quot;seen&quot;:true}&#10;1473525801217	addons.xpi	DEBUG	getModTime: Recursive scan of {972ce4c6-7e08-4474-a285-3208198ce6fd}&#10;1473525801218	DeferredSave.extensions.json	DEBUG	Save changes&#10;1473525801218	addons.xpi	DEBUG	Updating database with changes to installed add-ons&#10;1473525801218	addons.xpi-utils	DEBUG	Updating add-on states&#10;1473525801219	addons.xpi-utils	DEBUG	Writing add-ons list&#10;1473525801220	addons.xpi	DEBUG	Registering manifest for /Applications/Firefox.app/Contents/Resources/browser/features/e10srollout@mozilla.org.xpi&#10;1473525801220	addons.xpi	DEBUG	Calling bootstrap method startup on e10srollout@mozilla.org version 1.1&#10;1473525801221	addons.xpi	DEBUG	Registering manifest for /Applications/Firefox.app/Contents/Resources/browser/features/firefox@getpocket.com.xpi&#10;1473525801221	addons.xpi	DEBUG	Calling bootstrap method startup on firefox@getpocket.com version 1.0.4&#10;1473525801222	addons.xpi	DEBUG	Registering manifest for /Applications/Firefox.app/Contents/Resources/browser/features/loop@mozilla.org.xpi&#10;1473525801223	addons.xpi	DEBUG	Calling bootstrap method startup on loop@mozilla.org version 1.4.4&#10;1473525801248	addons.manager	DEBUG	Registering shutdown blocker for XPIProvider&#10;1473525801248	addons.manager	DEBUG	Provider finished startup: XPIProvider&#10;1473525801249	addons.manager	DEBUG	Starting provider: LightweightThemeManager&#10;1473525801249	addons.manager	DEBUG	Registering shutdown blocker for LightweightThemeManager&#10;1473525801249	addons.manager	DEBUG	Provider finished startup: LightweightThemeManager&#10;1473525801250	addons.manager	DEBUG	Starting provider: GMPProvider&#10;1473525801256	addons.manager	DEBUG	Registering shutdown blocker for GMPProvider&#10;1473525801256	addons.manager	DEBUG	Provider finished startup: GMPProvider&#10;1473525801256	addons.manager	DEBUG	Starting provider: PluginProvider&#10;1473525801257	addons.manager	DEBUG	Registering shutdown blocker for PluginProvider&#10;1473525801257	addons.manager	DEBUG	Provider finished startup: PluginProvider&#10;1473525801257	addons.manager	DEBUG	Completed startup sequence&#10;1473525801597	addons.manager	DEBUG	Starting provider: &lt;unnamed-provider&gt;&#10;1473525801597	addons.manager	DEBUG	Registering shutdown blocker for &lt;unnamed-provider&gt;&#10;1473525801597	addons.manager	DEBUG	Provider finished startup: &lt;unnamed-provider&gt;&#10;1473525801603	DeferredSave.extensions.json	DEBUG	Starting write&#10;1473525801742	addons.repository	DEBUG	No addons.json found.&#10;1473525801743	DeferredSave.addons.json	DEBUG	Save changes&#10;1473525801749	DeferredSave.addons.json	DEBUG	Starting timer&#10;1473525801774	addons.manager	DEBUG	Starting provider: PreviousExperimentProvider&#10;1473525801774	addons.manager	DEBUG	Registering shutdown blocker for PreviousExperimentProvider&#10;1473525801774	addons.manager	DEBUG	Provider finished startup: PreviousExperimentProvider&#10;1473525801776	DeferredSave.extensions.json	DEBUG	Write succeeded&#10;1473525801777	addons.xpi-utils	DEBUG	XPI Database saved, setting schema version preference to 17&#10;1473525801804	DeferredSave.addons.json	DEBUG	Starting write&#10;1473525801829	DeferredSave.addons.json	DEBUG	Write succeeded&#10;&#10;Build info: version: &apos;2.53.0&apos;, revision: &apos;35ae25b1534ae328c771e0856c93e187490ca824&apos;, time: &apos;2016-03-15 10:43:46&apos;&#10;System info: host: &apos;Kostass-Air&apos;, ip: &apos;192.168.0.6&apos;, os.name: &apos;Mac OS X&apos;, os.arch: &apos;x86_64&apos;, os.version: &apos;10.10.5&apos;, java.version: &apos;1.8.0_60&apos;&#10;Driver info: driver.version: FirefoxDriver" type="org.openqa.selenium.WebDriverException"><![CDATA[org.openqa.selenium.WebDriverException: 
Failed to connect to binary FirefoxBinary(/Applications/Firefox.app/Contents/MacOS/firefox-bin) on port 7055; process output follows: 
-a285-3208198ce6fd}","syncGUID":"EAo5Raa4R8Ta","location":"app-global","version":"48.0.2","type":"theme","internalName":"classic/1.0","updateURL":null,"updateKey":null,"optionsURL":null,"optionsType":null,"aboutURL":null,"icons":{"32":"icon.png","48":"icon.png"},"iconURL":null,"icon64URL":null,"defaultLocale":{"name":"Default","description":"The default theme.","creator":"Mozilla","homepageURL":null,"contributors":["Mozilla Contributors"]},"visible":true,"active":true,"userDisabled":false,"appDisabled":false,"descriptor":"/Applications/Firefox.app/Contents/Resources/browser/extensions/{972ce4c6-7e08-4474-a285-3208198ce6fd}.xpi","installDate":1473524524000,"updateDate":1473524524000,"applyBackgroundUpdates":1,"skinnable":true,"size":7140,"sourceURI":null,"releaseNotesURI":null,"softDisabled":false,"foreignInstall":false,"hasBinaryComponents":false,"strictCompatibility":true,"locales":[],"targetApplications":[{"id":"{ec8030f7-c20a-464f-9b0e-13a3a9e97384}","minVersion":"48.0.2","maxVersion":"48.0.2"}],"targetPlatforms":[],"seen":true}
1473525801217	addons.xpi	DEBUG	getModTime: Recursive scan of {972ce4c6-7e08-4474-a285-3208198ce6fd}
1473525801218	DeferredSave.extensions.json	DEBUG	Save changes
1473525801218	addons.xpi	DEBUG	Updating database with changes to installed add-ons
1473525801218	addons.xpi-utils	DEBUG	Updating add-on states
1473525801219	addons.xpi-utils	DEBUG	Writing add-ons list
1473525801220	addons.xpi	DEBUG	Registering manifest for /Applications/Firefox.app/Contents/Resources/browser/features/e10srollout@mozilla.org.xpi
1473525801220	addons.xpi	DEBUG	Calling bootstrap method startup on e10srollout@mozilla.org version 1.1
1473525801221	addons.xpi	DEBUG	Registering manifest for /Applications/Firefox.app/Contents/Resources/browser/features/firefox@getpocket.com.xpi
1473525801221	addons.xpi	DEBUG	Calling bootstrap method startup on firefox@getpocket.com version 1.0.4
1473525801222	addons.xpi	DEBUG	Registering manifest for /Applications/Firefox.app/Contents/Resources/browser/features/loop@mozilla.org.xpi
1473525801223	addons.xpi	DEBUG	Calling bootstrap method startup on loop@mozilla.org version 1.4.4
1473525801248	addons.manager	DEBUG	Registering shutdown blocker for XPIProvider
1473525801248	addons.manager	DEBUG	Provider finished startup: XPIProvider
1473525801249	addons.manager	DEBUG	Starting provider: LightweightThemeManager
1473525801249	addons.manager	DEBUG	Registering shutdown blocker for LightweightThemeManager
1473525801249	addons.manager	DEBUG	Provider finished startup: LightweightThemeManager
1473525801250	addons.manager	DEBUG	Starting provider: GMPProvider
1473525801256	addons.manager	DEBUG	Registering shutdown blocker for GMPProvider
1473525801256	addons.manager	DEBUG	Provider finished startup: GMPProvider
1473525801256	addons.manager	DEBUG	Starting provider: PluginProvider
1473525801257	addons.manager	DEBUG	Registering shutdown blocker for PluginProvider
1473525801257	addons.manager	DEBUG	Provider finished startup: PluginProvider
1473525801257	addons.manager	DEBUG	Completed startup sequence
1473525801597	addons.manager	DEBUG	Starting provider: <unnamed-provider>
1473525801597	addons.manager	DEBUG	Registering shutdown blocker for <unnamed-provider>
1473525801597	addons.manager	DEBUG	Provider finished startup: <unnamed-provider>
1473525801603	DeferredSave.extensions.json	DEBUG	Starting write
1473525801742	addons.repository	DEBUG	No addons.json found.
1473525801743	DeferredSave.addons.json	DEBUG	Save changes
1473525801749	DeferredSave.addons.json	DEBUG	Starting timer
1473525801774	addons.manager	DEBUG	Starting provider: PreviousExperimentProvider
1473525801774	addons.manager	DEBUG	Registering shutdown blocker for PreviousExperimentProvider
1473525801774	addons.manager	DEBUG	Provider finished startup: PreviousExperimentProvider
1473525801776	DeferredSave.extensions.json	DEBUG	Write succeeded
1473525801777	addons.xpi-utils	DEBUG	XPI Database saved, setting schema version preference to 17
1473525801804	DeferredSave.addons.json	DEBUG	Starting write
1473525801829	DeferredSave.addons.json	DEBUG	Write succeeded

Build info: version: '2.53.0', revision: '35ae25b1534ae328c771e0856c93e187490ca824', time: '2016-03-15 10:43:46'
System info: host: 'Kostass-Air', ip: '192.168.0.6', os.name: 'Mac OS X', os.arch: 'x86_64', os.version: '10.10.5', java.version: '1.8.0_60'
Driver info: driver.version: FirefoxDriver
	at com.tests.JustGivingTests.testDonationWithValidDetails(JustGivingTests.java:18)
Caused by: org.openqa.selenium.firefox.NotConnectedException: 
Unable to connect to host 127.0.0.1 on port 7055 after 45000 ms. Firefox console output:
-a285-3208198ce6fd}","syncGUID":"EAo5Raa4R8Ta","location":"app-global","version":"48.0.2","type":"theme","internalName":"classic/1.0","updateURL":null,"updateKey":null,"optionsURL":null,"optionsType":null,"aboutURL":null,"icons":{"32":"icon.png","48":"icon.png"},"iconURL":null,"icon64URL":null,"defaultLocale":{"name":"Default","description":"The default theme.","creator":"Mozilla","homepageURL":null,"contributors":["Mozilla Contributors"]},"visible":true,"active":true,"userDisabled":false,"appDisabled":false,"descriptor":"/Applications/Firefox.app/Contents/Resources/browser/extensions/{972ce4c6-7e08-4474-a285-3208198ce6fd}.xpi","installDate":1473524524000,"updateDate":1473524524000,"applyBackgroundUpdates":1,"skinnable":true,"size":7140,"sourceURI":null,"releaseNotesURI":null,"softDisabled":false,"foreignInstall":false,"hasBinaryComponents":false,"strictCompatibility":true,"locales":[],"targetApplications":[{"id":"{ec8030f7-c20a-464f-9b0e-13a3a9e97384}","minVersion":"48.0.2","maxVersion":"48.0.2"}],"targetPlatforms":[],"seen":true}
1473525801217	addons.xpi	DEBUG	getModTime: Recursive scan of {972ce4c6-7e08-4474-a285-3208198ce6fd}
1473525801218	DeferredSave.extensions.json	DEBUG	Save changes
1473525801218	addons.xpi	DEBUG	Updating database with changes to installed add-ons
1473525801218	addons.xpi-utils	DEBUG	Updating add-on states
1473525801219	addons.xpi-utils	DEBUG	Writing add-ons list
1473525801220	addons.xpi	DEBUG	Registering manifest for /Applications/Firefox.app/Contents/Resources/browser/features/e10srollout@mozilla.org.xpi
1473525801220	addons.xpi	DEBUG	Calling bootstrap method startup on e10srollout@mozilla.org version 1.1
1473525801221	addons.xpi	DEBUG	Registering manifest for /Applications/Firefox.app/Contents/Resources/browser/features/firefox@getpocket.com.xpi
1473525801221	addons.xpi	DEBUG	Calling bootstrap method startup on firefox@getpocket.com version 1.0.4
1473525801222	addons.xpi	DEBUG	Registering manifest for /Applications/Firefox.app/Contents/Resources/browser/features/loop@mozilla.org.xpi
1473525801223	addons.xpi	DEBUG	Calling bootstrap method startup on loop@mozilla.org version 1.4.4
1473525801248	addons.manager	DEBUG	Registering shutdown blocker for XPIProvider
1473525801248	addons.manager	DEBUG	Provider finished startup: XPIProvider
1473525801249	addons.manager	DEBUG	Starting provider: LightweightThemeManager
1473525801249	addons.manager	DEBUG	Registering shutdown blocker for LightweightThemeManager
1473525801249	addons.manager	DEBUG	Provider finished startup: LightweightThemeManager
1473525801250	addons.manager	DEBUG	Starting provider: GMPProvider
1473525801256	addons.manager	DEBUG	Registering shutdown blocker for GMPProvider
1473525801256	addons.manager	DEBUG	Provider finished startup: GMPProvider
1473525801256	addons.manager	DEBUG	Starting provider: PluginProvider
1473525801257	addons.manager	DEBUG	Registering shutdown blocker for PluginProvider
1473525801257	addons.manager	DEBUG	Provider finished startup: PluginProvider
1473525801257	addons.manager	DEBUG	Completed startup sequence
1473525801597	addons.manager	DEBUG	Starting provider: <unnamed-provider>
1473525801597	addons.manager	DEBUG	Registering shutdown blocker for <unnamed-provider>
1473525801597	addons.manager	DEBUG	Provider finished startup: <unnamed-provider>
1473525801603	DeferredSave.extensions.json	DEBUG	Starting write
1473525801742	addons.repository	DEBUG	No addons.json found.
1473525801743	DeferredSave.addons.json	DEBUG	Save changes
1473525801749	DeferredSave.addons.json	DEBUG	Starting timer
1473525801774	addons.manager	DEBUG	Starting provider: PreviousExperimentProvider
1473525801774	addons.manager	DEBUG	Registering shutdown blocker for PreviousExperimentProvider
1473525801774	addons.manager	DEBUG	Provider finished startup: PreviousExperimentProvider
1473525801776	DeferredSave.extensions.json	DEBUG	Write succeeded
1473525801777	addons.xpi-utils	DEBUG	XPI Database saved, setting schema version preference to 17
1473525801804	DeferredSave.addons.json	DEBUG	Starting write
1473525801829	DeferredSave.addons.json	DEBUG	Write succeeded

	at com.tests.JustGivingTests.testDonationWithValidDetails(JustGivingTests.java:18)
]]></error>
    <system-out><![CDATA[browser name is: firefox
]]></system-out>
    <system-err><![CDATA[org.openqa.selenium.firefox.NotConnectedException: Unable to connect to host 127.0.0.1 on port 7055 after 45000 ms. Firefox console output:
-a285-3208198ce6fd}","syncGUID":"EAo5Raa4R8Ta","location":"app-global","version":"48.0.2","type":"theme","internalName":"classic/1.0","updateURL":null,"updateKey":null,"optionsURL":null,"optionsType":null,"aboutURL":null,"icons":{"32":"icon.png","48":"icon.png"},"iconURL":null,"icon64URL":null,"defaultLocale":{"name":"Default","description":"The default theme.","creator":"Mozilla","homepageURL":null,"contributors":["Mozilla Contributors"]},"visible":true,"active":true,"userDisabled":false,"appDisabled":false,"descriptor":"/Applications/Firefox.app/Contents/Resources/browser/extensions/{972ce4c6-7e08-4474-a285-3208198ce6fd}.xpi","installDate":1473524524000,"updateDate":1473524524000,"applyBackgroundUpdates":1,"skinnable":true,"size":7140,"sourceURI":null,"releaseNotesURI":null,"softDisabled":false,"foreignInstall":false,"hasBinaryComponents":false,"strictCompatibility":true,"locales":[],"targetApplications":[{"id":"{ec8030f7-c20a-464f-9b0e-13a3a9e97384}","minVersion":"48.0.2","maxVersion":"48.0.2"}],"targetPlatforms":[],"seen":true}
1473525801217	addons.xpi	DEBUG	getModTime: Recursive scan of {972ce4c6-7e08-4474-a285-3208198ce6fd}
1473525801218	DeferredSave.extensions.json	DEBUG	Save changes
1473525801218	addons.xpi	DEBUG	Updating database with changes to installed add-ons
1473525801218	addons.xpi-utils	DEBUG	Updating add-on states
1473525801219	addons.xpi-utils	DEBUG	Writing add-ons list
1473525801220	addons.xpi	DEBUG	Registering manifest for /Applications/Firefox.app/Contents/Resources/browser/features/e10srollout@mozilla.org.xpi
1473525801220	addons.xpi	DEBUG	Calling bootstrap method startup on e10srollout@mozilla.org version 1.1
1473525801221	addons.xpi	DEBUG	Registering manifest for /Applications/Firefox.app/Contents/Resources/browser/features/firefox@getpocket.com.xpi
1473525801221	addons.xpi	DEBUG	Calling bootstrap method startup on firefox@getpocket.com version 1.0.4
1473525801222	addons.xpi	DEBUG	Registering manifest for /Applications/Firefox.app/Contents/Resources/browser/features/loop@mozilla.org.xpi
1473525801223	addons.xpi	DEBUG	Calling bootstrap method startup on loop@mozilla.org version 1.4.4
1473525801248	addons.manager	DEBUG	Registering shutdown blocker for XPIProvider
1473525801248	addons.manager	DEBUG	Provider finished startup: XPIProvider
1473525801249	addons.manager	DEBUG	Starting provider: LightweightThemeManager
1473525801249	addons.manager	DEBUG	Registering shutdown blocker for LightweightThemeManager
1473525801249	addons.manager	DEBUG	Provider finished startup: LightweightThemeManager
1473525801250	addons.manager	DEBUG	Starting provider: GMPProvider
1473525801256	addons.manager	DEBUG	Registering shutdown blocker for GMPProvider
1473525801256	addons.manager	DEBUG	Provider finished startup: GMPProvider
1473525801256	addons.manager	DEBUG	Starting provider: PluginProvider
1473525801257	addons.manager	DEBUG	Registering shutdown blocker for PluginProvider
1473525801257	addons.manager	DEBUG	Provider finished startup: PluginProvider
1473525801257	addons.manager	DEBUG	Completed startup sequence
1473525801597	addons.manager	DEBUG	Starting provider: <unnamed-provider>
1473525801597	addons.manager	DEBUG	Registering shutdown blocker for <unnamed-provider>
1473525801597	addons.manager	DEBUG	Provider finished startup: <unnamed-provider>
1473525801603	DeferredSave.extensions.json	DEBUG	Starting write
1473525801742	addons.repository	DEBUG	No addons.json found.
1473525801743	DeferredSave.addons.json	DEBUG	Save changes
1473525801749	DeferredSave.addons.json	DEBUG	Starting timer
1473525801774	addons.manager	DEBUG	Starting provider: PreviousExperimentProvider
1473525801774	addons.manager	DEBUG	Registering shutdown blocker for PreviousExperimentProvider
1473525801774	addons.manager	DEBUG	Provider finished startup: PreviousExperimentProvider
1473525801776	DeferredSave.extensions.json	DEBUG	Write succeeded
1473525801777	addons.xpi-utils	DEBUG	XPI Database saved, setting schema version preference to 17
1473525801804	DeferredSave.addons.json	DEBUG	Starting write
1473525801829	DeferredSave.addons.json	DEBUG	Write succeeded

	at org.openqa.selenium.firefox.internal.NewProfileExtensionConnection.start(NewProfileExtensionConnection.java:113)
	at org.openqa.selenium.firefox.FirefoxDriver.startClient(FirefoxDriver.java:271)
	at org.openqa.selenium.remote.RemoteWebDriver.<init>(RemoteWebDriver.java:119)
	at org.openqa.selenium.firefox.FirefoxDriver.<init>(FirefoxDriver.java:216)
	at org.openqa.selenium.firefox.FirefoxDriver.<init>(FirefoxDriver.java:211)
	at org.openqa.selenium.firefox.FirefoxDriver.<init>(FirefoxDriver.java:207)
	at org.openqa.selenium.firefox.FirefoxDriver.<init>(FirefoxDriver.java:120)
	at myproject.myproject.WebDriverInit.getWebdriver(WebDriverInit.java:20)
	at com.tests.JustGivingTests.testDonationWithValidDetails(JustGivingTests.java:18)
	at sun.reflect.NativeMethodAccessorImpl.invoke0(Native Method)
	at sun.reflect.NativeMethodAccessorImpl.invoke(NativeMethodAccessorImpl.java:62)
	at sun.reflect.DelegatingMethodAccessorImpl.invoke(DelegatingMethodAccessorImpl.java:43)
	at java.lang.reflect.Method.invoke(Method.java:497)
	at org.junit.runners.model.FrameworkMethod$1.runReflectiveCall(FrameworkMethod.java:47)
	at org.junit.internal.runners.model.ReflectiveCallable.run(ReflectiveCallable.java:12)
	at org.junit.runners.model.FrameworkMethod.invokeExplosively(FrameworkMethod.java:44)
	at org.junit.internal.runners.statements.InvokeMethod.evaluate(InvokeMethod.java:17)
	at org.junit.internal.runners.statements.RunAfters.evaluate(RunAfters.java:27)
	at org.junit.runners.ParentRunner.runLeaf(ParentRunner.java:271)
	at org.junit.runners.BlockJUnit4ClassRunner.runChild(BlockJUnit4ClassRunner.java:70)
	at org.junit.runners.BlockJUnit4ClassRunner.runChild(BlockJUnit4ClassRunner.java:50)
	at org.junit.runners.ParentRunner$3.run(ParentRunner.java:238)
	at org.junit.runners.ParentRunner$1.schedule(ParentRunner.java:63)
	at org.junit.runners.ParentRunner.runChildren(ParentRunner.java:236)
	at org.junit.runners.ParentRunner.access$000(ParentRunner.java:53)
	at org.junit.runners.ParentRunner$2.evaluate(ParentRunner.java:229)
	at org.junit.runners.ParentRunner.run(ParentRunner.java:309)
	at org.apache.maven.surefire.junit4.JUnit4Provider.execute(JUnit4Provider.java:367)
	at org.apache.maven.surefire.junit4.JUnit4Provider.executeWithRerun(JUnit4Provider.java:274)
	at org.apache.maven.surefire.junit4.JUnit4Provider.executeTestSet(JUnit4Provider.java:238)
	at org.apache.maven.surefire.junit4.JUnit4Provider.invoke(JUnit4Provider.java:161)
	at org.apache.maven.surefire.booter.ForkedBooter.invokeProviderInSameClassLoader(ForkedBooter.java:290)
	at org.apache.maven.surefire.booter.ForkedBooter.runSuitesInProcess(ForkedBooter.java:242)
	at org.apache.maven.surefire.booter.ForkedBooter.main(ForkedBooter.java:121)
]]></system-err>
  </testcase>
</testsuite>